
*** Running vivado
    with args -log pfm_top_regslice_ddrmem_3_0.vds -m64 -product Vivado -mode batch -messageDb vivado.pb -notrace -source pfm_top_regslice_ddrmem_3_0.tcl


****** Vivado v2020.1 (64-bit)
  **** SW Build 2902540 on Wed May 27 19:54:35 MDT 2020
  **** IP Build 2902112 on Wed May 27 22:43:36 MDT 2020
    ** Copyright 1986-2020 Xilinx, Inc. All Rights Reserved.

source pfm_top_regslice_ddrmem_3_0.tcl -notrace
create_project: Time (s): cpu = 00:00:02 ; elapsed = 00:00:07 . Memory (MB): peak = 2149.512 ; gain = 2.016 ; free physical = 6316 ; free virtual = 7497
INFO: [IP_Flow 19-234] Refreshing IP repositories
WARNING: [IP_Flow 19-2248] Failed to load user IP repository '/home/endrix/git/streamblocks/Vitis_Embedded_Platform_Source/Xilinx_Official_Platforms/zcu102_base_dfx/vivado/sources/iprepo'; Can't find the specified path.
If this directory should no longer be in your list of user repositories, go to the IP Settings dialog and remove it.
INFO: [IP_Flow 19-2313] Loaded Vivado IP repository '/tools/Xilinx/Vivado/2020.1/data/ip'.
update_ip_catalog: Time (s): cpu = 00:00:03 ; elapsed = 00:00:16 . Memory (MB): peak = 2149.512 ; gain = 0.000 ; free physical = 6064 ; free virtual = 7254
Command: synth_design -top pfm_top_regslice_ddrmem_3_0 -part xczu9eg-ffvb1156-2-e -mode out_of_context
Starting synth_design
Attempting to get a license for feature 'Synthesis' and/or device 'xczu9eg'
WARNING: [Common 17-348] Failed to get the license for feature 'Synthesis' and/or device 'xczu9eg'. Explanation: Cannot connect to a license server running the xilinxd licensing daemon at the specified port.
Resolution: Check the status of your licenses in the Vivado License Manager. For debug help search Xilinx Support for "Licensing FAQ". 
2 Infos, 2 Warnings, 0 Critical Warnings and 1 Errors encountered.
synth_design failed
ERROR: [Common 17-345] A valid license was not found for feature 'Synthesis' and/or device 'xczu9eg'. Please run the Vivado License Manager for assistance in determining
which features and devices are licensed for your system.
Resolution: Check the status of your licenses in the Vivado License Manager. For debug help search Xilinx Support for "Licensing FAQ". If you are using a license server, verify that the license server is up and running a version of the xilinx daemon that is compatible with the version of Xilinx software that you are using. Please note that Vivado 2017.3 and later requires upgrading your license server tools to the Flex 11.14.1 tools. Please confirm with your license admin that the correct version of the license server tools are installed.
INFO: [Common 17-206] Exiting Vivado at Wed Sep 30 21:14:42 2020...
